2023-12-06 14:47:02,931 - INFO - The input media file path is : /Users/trinija/Desktop/desktop_videos/Ajio.webm
2023-12-06 14:47:02,973 - INFO - Downscale factor set to 5, effective resolution: 288 x 180
2023-12-06 14:47:02,973 - INFO - Detecting scenes...
2023-12-06 14:47:04,859 - INFO - Scenes Detection Successful.
2023-12-06 14:47:04,861 - INFO - Scene detection analysis results are consolidated and processed successfully.
2023-12-06 14:50:20,795 - INFO - The input media file path is : /Users/trinija/Desktop/desktop_videos/Ajio.webm
2023-12-06 14:50:20,855 - INFO - Downscale factor set to 5, effective resolution: 288 x 180
2023-12-06 14:50:20,855 - INFO - Detecting scenes...
2023-12-06 14:50:22,762 - INFO - Scenes Detection Successful.
2023-12-06 14:50:22,762 - INFO - Scene detection analysis results are consolidated and processed successfully.
2023-12-06 15:02:21,272 - INFO - The input media file path is : /Users/trinija/Desktop/desktop_videos/Ajio.webm
2023-12-06 15:02:21,330 - INFO - Downscale factor set to 5, effective resolution: 288 x 180
2023-12-06 15:02:21,331 - INFO - Detecting scenes...
2023-12-06 15:02:23,241 - INFO - Scenes Detection Successful.
2023-12-06 15:03:42,094 - INFO - The input media file path is : /Users/trinija/Desktop/desktop_videos/Ajio.webm
2023-12-06 15:03:42,142 - INFO - Downscale factor set to 5, effective resolution: 288 x 180
2023-12-06 15:03:42,142 - INFO - Detecting scenes...
2023-12-06 15:03:44,044 - INFO - Scenes Detection Successful.
2023-12-06 15:03:44,045 - INFO - Scene detection analysis results are consolidated and processed successfully.
2023-12-06 15:07:32,496 - INFO - The input media file path is : /Users/trinija/Desktop/desktop_videos/Ajio.webm
2023-12-06 15:07:32,549 - INFO - Downscale factor set to 5, effective resolution: 288 x 180
2023-12-06 15:07:32,549 - INFO - Detecting scenes...
2023-12-06 15:07:34,452 - INFO - Scenes Detection Successful.
2023-12-06 15:07:34,453 - INFO - Scene detection analysis results are consolidated and processed successfully.
2023-12-06 15:23:54,543 - INFO - The input media file path is : /Users/trinija/Desktop/desktop_videos/Ajio.webm
2023-12-06 15:23:54,594 - INFO - Downscale factor set to 5, effective resolution: 288 x 180
2023-12-06 15:23:54,595 - INFO - Detecting scenes...
2023-12-06 15:23:56,498 - INFO - Scenes Detection Successful.
2023-12-06 15:23:56,499 - INFO - Scene detection analysis results are consolidated and processed successfully.
2023-12-06 15:24:20,889 - INFO - The input media file path is : /Users/trinija/Desktop/desktop_videos/Ajio.webm
2023-12-06 15:24:20,934 - INFO - Downscale factor set to 5, effective resolution: 288 x 180
2023-12-06 15:24:20,935 - INFO - Detecting scenes...
2023-12-06 15:24:22,830 - INFO - Scenes Detection Successful.
2023-12-06 15:24:22,830 - INFO - Scene detection analysis results are consolidated and processed successfully.
2023-12-06 15:27:01,638 - INFO - The input media file path is : /Users/trinija/Desktop/desktop_videos/Ajio.webm
2023-12-06 15:27:01,697 - INFO - Downscale factor set to 5, effective resolution: 288 x 180
2023-12-06 15:27:01,698 - INFO - Detecting scenes...
2023-12-06 15:27:03,637 - INFO - Scenes Detection Successful.
2023-12-06 15:35:29,910 - INFO - The input media file path is : /Users/trinija/Desktop/desktop_videos/Ajio.webm
2023-12-06 15:35:29,953 - INFO - Downscale factor set to 5, effective resolution: 288 x 180
2023-12-06 15:35:29,954 - INFO - Detecting scenes...
2023-12-06 15:35:31,855 - INFO - Scenes Detection Successful.
2023-12-06 15:35:31,856 - INFO - Scene detection analysis results are consolidated and processed successfully.
2023-12-06 16:29:19,422 - INFO - The input media file path is : /Users/trinija/Desktop/desktop_videos/Ajio.webm
2023-12-06 16:31:29,701 - INFO - The input media file path is : /Users/trinija/Desktop/desktop_videos/Ajio.webm
2023-12-06 16:32:14,788 - INFO - The input media file path is : /Users/trinija/Desktop/desktop_videos/Ajio.webm
2023-12-06 16:32:14,836 - INFO - Downscale factor set to 5, effective resolution: 288 x 180
2023-12-06 16:32:14,836 - INFO - Detecting scenes...
2023-12-06 16:32:16,742 - INFO - Scenes Detection Successful.
2023-12-06 16:32:17,558 - INFO - Scene detection analysis results are consolidated and processed successfully.
2023-12-06 16:37:59,964 - INFO - The input media file path is : /Users/trinija/Desktop/desktop_videos/Ajio.webm
2023-12-06 16:38:00,011 - INFO - Downscale factor set to 5, effective resolution: 288 x 180
2023-12-06 16:38:00,011 - INFO - Detecting scenes...
2023-12-06 16:38:01,907 - INFO - Scenes Detection Successful.
2023-12-06 16:38:11,116 - INFO - Scene detection analysis results are consolidated and processed successfully.
2023-12-07 11:49:51,098 - INFO - The input media file path is : /Users/trinija/Desktop/desktop_videos/Ajio.webm
2023-12-07 11:49:51,142 - INFO - Downscale factor set to 5, effective resolution: 288 x 180
2023-12-07 11:49:51,142 - INFO - Detecting scenes...
2023-12-07 11:49:53,049 - INFO - Scenes Detection Successful.
2023-12-07 11:50:47,724 - INFO - The input media file path is : /Users/trinija/Desktop/desktop_videos/Ajio.webm
2023-12-07 11:50:47,784 - INFO - Downscale factor set to 5, effective resolution: 288 x 180
2023-12-07 11:50:47,784 - INFO - Detecting scenes...
2023-12-07 11:50:49,699 - INFO - Scenes Detection Successful.
2023-12-07 11:59:25,588 - INFO - The input media file path is : /Users/trinija/Desktop/desktop_videos/Ajio.webm
2023-12-07 11:59:25,621 - INFO - Downscale factor set to 5, effective resolution: 288 x 180
2023-12-07 11:59:25,622 - INFO - Detecting scenes...
2023-12-07 11:59:27,546 - INFO - Scenes Detection Successful.
2023-12-07 12:01:16,241 - INFO - The input media file path is : /Users/trinija/Desktop/desktop_videos/Ajio.webm
2023-12-07 12:01:16,293 - INFO - Downscale factor set to 5, effective resolution: 288 x 180
2023-12-07 12:01:16,294 - INFO - Detecting scenes...
2023-12-07 12:01:18,248 - INFO - Scenes Detection Successful.
2023-12-07 12:01:28,155 - INFO - Scene detection analysis results are consolidated and processed successfully.
2023-12-07 12:42:36,235 - INFO - The input media file path is : /Users/trinija/Desktop/desktop_videos/Ajio.webm
2023-12-07 12:42:36,264 - INFO - Downscale factor set to 5, effective resolution: 288 x 180
2023-12-07 12:42:36,264 - INFO - Detecting scenes...
2023-12-07 12:42:38,136 - INFO - Scenes Detection Successful.
2023-12-07 12:42:47,946 - INFO - Scene detection analysis results are consolidated and processed successfully.
2023-12-07 12:47:28,327 - INFO - The input media file path is : /Users/trinija/Desktop/desktop_videos/Ajio.webm
2023-12-07 12:47:28,357 - INFO - Downscale factor set to 5, effective resolution: 288 x 180
2023-12-07 12:47:28,357 - INFO - Detecting scenes...
2023-12-07 12:47:30,260 - INFO - Scenes Detection Successful.
2023-12-07 12:47:40,023 - INFO - Scene detection analysis results are consolidated and processed successfully.
2023-12-07 15:28:59,122 - INFO - The input media file path is : /Users/trinija/Desktop/desktop_videos/Ajio.webm
2023-12-07 15:28:59,165 - INFO - Downscale factor set to 5, effective resolution: 288 x 180
2023-12-07 15:28:59,166 - INFO - Detecting scenes...
2023-12-07 15:29:01,080 - INFO - Scenes Detection Successful.
2023-12-07 15:29:10,829 - INFO - Scene detection analysis results are consolidated and processed successfully.
2023-12-07 15:50:48,000 - INFO - The input media file path is : /Users/trinija/Desktop/desktop_videos/Ajio.webm
2023-12-07 15:50:48,043 - INFO - Downscale factor set to 5, effective resolution: 288 x 180
2023-12-07 15:50:48,043 - INFO - Detecting scenes...
2023-12-07 15:50:49,937 - INFO - Scenes Detection Successful.
2023-12-07 15:50:59,668 - INFO - Scene detection analysis results are consolidated and processed successfully.
2023-12-07 16:25:08,009 - INFO - The input media file path is : /Users/trinija/Desktop/desktop_videos/Apple.webm
2023-12-07 16:25:08,053 - INFO - Downscale factor set to 5, effective resolution: 288 x 180
2023-12-07 16:25:08,053 - INFO - Detecting scenes...
2023-12-07 16:25:09,662 - INFO - Scenes Detection Successful.
2023-12-07 16:25:50,934 - INFO - The input media file path is : /Users/trinija/Desktop/desktop_videos/Apple.webm
2023-12-07 16:25:50,979 - INFO - Downscale factor set to 5, effective resolution: 288 x 180
2023-12-07 16:25:50,979 - INFO - Detecting scenes...
2023-12-07 16:25:52,612 - INFO - Scenes Detection Successful.
2023-12-07 16:26:00,120 - INFO - Scene detection analysis results are consolidated and processed successfully.
2023-12-07 17:15:15,367 - INFO - The input media file path is : /Users/trinija/Desktop/desktop_videos/BussinessStandard.webm
2023-12-07 17:15:15,399 - INFO - Downscale factor set to 5, effective resolution: 288 x 180
2023-12-07 17:15:15,399 - INFO - Detecting scenes...
2023-12-07 17:15:16,874 - INFO - Scenes Detection Successful.
2023-12-07 17:15:26,502 - INFO - Scene detection analysis results are consolidated and processed successfully.
2023-12-08 13:05:03,387 - INFO - The input media file path is : /Users/trinija/Desktop/desktop_videos/BussinessStandard.webm
2023-12-08 13:05:03,433 - INFO - Downscale factor set to 5, effective resolution: 288 x 180
2023-12-08 13:05:03,433 - INFO - Detecting scenes...
2023-12-08 13:05:04,919 - INFO - Scenes Detection Successful.
2023-12-08 13:05:14,676 - INFO - Scene detection analysis results are consolidated and processed successfully.
2023-12-08 13:06:43,827 - INFO - The input media file path is : /Users/trinija/Desktop/desktop_videos/BussinessStandard.webm
2023-12-08 13:06:43,886 - INFO - Downscale factor set to 5, effective resolution: 288 x 180
2023-12-08 13:06:43,886 - INFO - Detecting scenes...
2023-12-08 13:06:45,400 - INFO - Scenes Detection Successful.
2023-12-08 13:06:55,007 - INFO - Scene detection analysis results are consolidated and processed successfully.
2023-12-08 13:12:18,903 - INFO - The input media file path is : /Users/trinija/Desktop/desktop_videos/BussinessStandard.webm
2023-12-08 13:12:18,905 - INFO - Directory to save output frames has been created!
2023-12-08 13:12:18,936 - INFO - Downscale factor set to 5, effective resolution: 288 x 180
2023-12-08 13:12:18,937 - INFO - Detecting scenes...
2023-12-08 13:12:20,413 - INFO - Scenes Detection Successful.
2023-12-08 13:12:29,990 - INFO - Scene detection analysis results are consolidated and processed successfully.
